<?xml version="1.0" encoding="UTF-8"?>
<testsuite xmlns:xsi="http://www.w3.org/2001/XMLSchema-instance" xsi:noNamespaceSchemaLocation="https://maven.apache.org/surefire/maven-surefire-plugin/xsd/surefire-test-report-3.0.xsd" version="3.0" name="TestRunner.Runner" time="27.517" tests="1" errors="0" skipped="0" failures="0">
  <properties>
[...]
</properties>
  <testcase name="Successful Login with Valid Credentials #1" classname="Login Functionality" time="25.224">
    <system-out><![CDATA[
@Sanity
Scenario: Successful Login with Valid Credentials                        # Features/LoginFeature.feature:4
Setup method executed...
[DEBUG] Using WebDriverManager 5.8.0
[DEBUG] Resolution chrome=122 in cache (valid until 13:11:15 09/06/2024 IST)
[DEBUG] Resolution chrome122=122.0.6261.128 in cache (valid until 00:54:28 10/06/2024 IST)
[INFO] Using chromedriver 122.0.6261.128 (resolved driver for Chrome 122)
[DEBUG] Driver chromedriver 122.0.6261.128 found in cache
[INFO] Exporting webdriver.chrome.driver as C:\Windows\system32\config\systemprofile\.cache\selenium\chromedriver\win64\122.0.6261.128\chromedriver.exe
This is before step ....
  Given User Launch Chrome browser                                       # StepDefinition.StepDefinitionFile.user_launch_chrome_browser()
This is after step ....
This is before step ....
  When User opens URL "https://admin-demo.nopcommerce.com/admin/"        # StepDefinition.StepDefinitionFile.user_opens_url(java.lang.String)
This is after step ....
This is before step ....
  And User enters Email as "admin@yourstore.com" and Password as "admin" # StepDefinition.StepDefinitionFile.user_enters_email_as_and_password_as(java.lang.String,java.lang.String)
This is after step ....
This is before step ....
  And User click on Login button                                         # StepDefinition.StepDefinitionFile.user_click_on_login_button()
This is after step ....
This is before step ....
  Then Page Title should be "Dashboard / nopCommerce administration"     # StepDefinition.StepDefinitionFile.page_title_should_be(java.lang.String)
This is after step ....
This is before step ....
  And User close browser                                                 # StepDefinition.StepDefinitionFile.user_close_browser()
This is after step ....
Teardown method executed...
]]></system-out>
    <system-err><![CDATA[Jun 09, 2024 1:00:03 PM org.openqa.selenium.devtools.CdpVersionFinder findNearestMatch
WARNING: Unable to find CDP implementation matching 122
Jun 09, 2024 1:00:03 PM org.openqa.selenium.chromium.ChromiumDriver lambda$new$5
WARNING: Unable to find version of CDP to use for 122.0.6261.95. You may need to include a dependency on a specific version of the CDP using something similar to `org.seleniumhq.selenium:selenium-devtools-v86:4.21.0` where the version ("v86") matches the version of the chromium-based browser you're using and the version number of the artifact is the same as Selenium's.
Jun 09, 2024 1:00:20 PM org.openqa.selenium.remote.http.WebSocket$Listener onError
WARNING: Connection reset
java.net.SocketException: Connection reset
	at java.base/sun.nio.ch.SocketChannelImpl.throwConnectionReset(SocketChannelImpl.java:394)
	at java.base/sun.nio.ch.SocketChannelImpl.read(SocketChannelImpl.java:426)
	at java.net.http/jdk.internal.net.http.SocketTube.readAvailable(SocketTube.java:1170)
	at java.net.http/jdk.internal.net.http.SocketTube$InternalReadPublisher$InternalReadSubscription.read(SocketTube.java:833)
	at java.net.http/jdk.internal.net.http.SocketTube$SocketFlowTask.run(SocketTube.java:181)
	at java.net.http/jdk.internal.net.http.common.SequentialScheduler$SchedulableTask.run(SequentialScheduler.java:230)
	at java.net.http/jdk.internal.net.http.common.SequentialScheduler.runOrSchedule(SequentialScheduler.java:303)
	at java.net.http/jdk.internal.net.http.common.SequentialScheduler.runOrSchedule(SequentialScheduler.java:256)
	at java.net.http/jdk.internal.net.http.SocketTube$InternalReadPublisher$InternalReadSubscription.signalReadable(SocketTube.java:774)
	at java.net.http/jdk.internal.net.http.SocketTube$InternalReadPublisher$ReadEvent.signalEvent(SocketTube.java:957)
	at java.net.http/jdk.internal.net.http.SocketTube$SocketFlowEvent.handle(SocketTube.java:253)
	at java.net.http/jdk.internal.net.http.HttpClientImpl$SelectorManager.handleEvent(HttpClientImpl.java:979)
	at java.net.http/jdk.internal.net.http.HttpClientImpl$SelectorManager.lambda$run$3(HttpClientImpl.java:934)
	at java.base/java.util.ArrayList.forEach(ArrayList.java:1511)
	at java.net.http/jdk.internal.net.http.HttpClientImpl$SelectorManager.run(HttpClientImpl.java:934)

]]></system-err>
  </testcase>
</testsuite>